<?xml version="1.0" encoding="UTF-8"?>
<!-- Generated by org.testng.reporters.JUnitXMLReporter -->
<testsuite ignored="0" hostname="DESKTOP-UG6V5R3" failures="0" tests="3" name="Test" time="214.307" errors="0" timestamp="2023-01-02T02:44:14 GMT-05:00">
  <testcase classname="testCases.Demoqa_Login" name="tc_01" time="56.709"/>
  <testcase classname="testCases.Demoqa_Register" name="tc_01" time="52.744"/>
  <testcase classname="testCases.OrangeHRMS" name="tc_01" time="104.738"/>
</testsuite> <!-- Test -->
