<?xml version="1.0" encoding="UTF-8"?>
<testng-results ignored="0" total="3" passed="3" failed="0" skipped="0">
  <reporter-output>
  </reporter-output>
  <suite started-at="2023-01-02T02:40:39 GMT-05:00" name="Suite" finished-at="2023-01-02T02:44:14 GMT-05:00" duration-ms="214307">
    <groups>
    </groups>
    <test started-at="2023-01-02T02:40:39 GMT-05:00" name="Test" finished-at="2023-01-02T02:44:14 GMT-05:00" duration-ms="214307">
      <class name="testCases.Demoqa_Register">
        <test-method signature="tc_01()[pri:0, instance:testCases.Demoqa_Register@501edcf1]" started-at="2023-01-02T02:41:36 GMT-05:00" name="tc_01" finished-at="2023-01-02T02:42:29 GMT-05:00" duration-ms="52744" status="PASS">
          <reporter-output>
          </reporter-output>
        </test-method> <!-- tc_01 -->
      </class> <!-- testCases.Demoqa_Register -->
      <class name="testCases.OrangeHRMS">
        <test-method signature="tc_01()[pri:0, instance:testCases.OrangeHRMS@78b729e6]" started-at="2023-01-02T02:42:29 GMT-05:00" name="tc_01" finished-at="2023-01-02T02:44:14 GMT-05:00" duration-ms="104738" status="PASS">
          <reporter-output>
          </reporter-output>
        </test-method> <!-- tc_01 -->
      </class> <!-- testCases.OrangeHRMS -->
      <class name="testCases.Demoqa_Login">
        <test-method signature="tc_01()[pri:0, instance:testCases.Demoqa_Login@527e5409]" started-at="2023-01-02T02:40:39 GMT-05:00" name="tc_01" finished-at="2023-01-02T02:41:36 GMT-05:00" duration-ms="56709" status="PASS">
          <reporter-output>
          </reporter-output>
        </test-method> <!-- tc_01 -->
      </class> <!-- testCases.Demoqa_Login -->
    </test> <!-- Test -->
  </suite> <!-- Suite -->
</testng-results>
