<?xml version="1.0" encoding="UTF-8"?>
<testng-results ignored="0" total="1" passed="1" failed="0" skipped="0">
  <reporter-output>
  </reporter-output>
  <suite started-at="2023-01-01T08:04:36 GMT-05:00" name="Default suite" finished-at="2023-01-01T08:05:32 GMT-05:00" duration-ms="55851">
    <groups>
    </groups>
    <test started-at="2023-01-01T08:04:36 GMT-05:00" name="Default test" finished-at="2023-01-01T08:05:32 GMT-05:00" duration-ms="55851">
      <class name="testCases.Demoqa_Login">
        <test-method signature="tc_01()[pri:0, instance:testCases.Demoqa_Login@60d8c9b7]" started-at="2023-01-01T08:04:36 GMT-05:00" name="tc_01" finished-at="2023-01-01T08:05:32 GMT-05:00" duration-ms="55604" status="PASS">
          <reporter-output>
          </reporter-output>
        </test-method> <!-- tc_01 -->
      </class> <!-- testCases.Demoqa_Login -->
    </test> <!-- Default test -->
  </suite> <!-- Default suite -->
</testng-results>
